# JRE version: OpenJDK Runtime Environment Temurin-17.0.5+8 (17.0.5+8) (build 17.0.5+8)
# Java VM: OpenJDK 64-Bit Server VM Temurin-17.0.5+8 (17.0.5+8, mixed mode, tiered, compressed oops, compressed class ptrs, parallel gc, linux-amd64)
GC Precious Log:
 CPUs: 6 total, 6 available
 Memory: 12734M
 Large Page Support: Disabled
 NUMA Support: Disabled
 Compressed Oops: Enabled (32-bit)
 Alignments: Space 512K, Generation 512K, Heap 2M
 Heap Min Capacity: 100M
 Heap Initial Capacity: 100M
 Heap Max Capacity: 1G
 Pre-touch: Disabled
 Parallel Workers: 6
Heap:
 PSYoungGen      total 15872K, used 15456K [0x00000000eab00000, 0x00000000ec380000, 0x0000000100000000)
  eden space 7680K, 100% used [0x00000000eab00000,0x00000000eb280000,0x00000000eb280000)
  from space 8192K, 94% used [0x00000000eb280000,0x00000000eba18000,0x00000000eba80000)
  to   space 8704K, 69% used [0x00000000ebb00000,0x00000000ec0ea000,0x00000000ec380000)
 ParOldGen       total 176128K, used 134273K [0x00000000c0000000, 0x00000000cac00000, 0x00000000eab00000)
  object space 176128K, 76% used [0x00000000c0000000,0x00000000c8320628,0x00000000cac00000)
 Metaspace       used 102674K, committed 104128K, reserved 1146880K
  class space    used 10205K, committed 10816K, reserved 1048576K
GC Heap History (20 events):
Event: 10188,360 GC heap after
{Heap after GC invocations=4032 (full 142):
 PSYoungGen      total 7680K, used 3136K [0x00000000eab00000, 0x00000000eb680000, 0x0000000100000000)
  eden space 4096K, 0% used [0x00000000eab00000,0x00000000eab00000,0x00000000eaf00000)
  from space 3584K, 87% used [0x00000000eb300000,0x00000000eb610000,0x00000000eb680000)
  to   space 3584K, 0% used [0x00000000eaf80000,0x00000000eaf80000,0x00000000eb300000)
 ParOldGen       total 171008K, used 152424K [0x00000000c0000000, 0x00000000ca700000, 0x00000000eab00000)
  object space 171008K, 89% used [0x00000000c0000000,0x00000000c94da3c8,0x00000000ca700000)
 Metaspace       used 102662K, committed 104128K, reserved 1146880K
  class space    used 10205K, committed 10816K, reserved 1048576K
}
Event: 10188,370 GC heap before
{Heap before GC invocations=4033 (full 142):
 PSYoungGen      total 7680K, used 7232K [0x00000000eab00000, 0x00000000eb680000, 0x0000000100000000)
  eden space 4096K, 100% used [0x00000000eab00000,0x00000000eaf00000,0x00000000eaf00000)
  from space 3584K, 87% used [0x00000000eb300000,0x00000000eb610000,0x00000000eb680000)
  to   space 3584K, 0% used [0x00000000eaf80000,0x00000000eaf80000,0x00000000eb300000)
 ParOldGen       total 171008K, used 152424K [0x00000000c0000000, 0x00000000ca700000, 0x00000000eab00000)
  object space 171008K, 89% used [0x00000000c0000000,0x00000000c94da3c8,0x00000000ca700000)
 Metaspace       used 102662K, committed 104128K, reserved 1146880K
  class space    used 10205K, committed 10816K, reserved 1048576K
}
Event: 10188,377 GC heap after
{Heap after GC invocations=4033 (full 142):
 PSYoungGen      total 8192K, used 3568K [0x00000000eab00000, 0x00000000ebf00000, 0x0000000100000000)
  eden space 4608K, 0% used [0x00000000eab00000,0x00000000eab00000,0x00000000eaf80000)
  from space 3584K, 99% used [0x00000000eaf80000,0x00000000eb2fc000,0x00000000eb300000)
  to   space 7680K, 0% used [0x00000000eb780000,0x00000000eb780000,0x00000000ebf00000)
 ParOldGen       total 171008K, used 155696K [0x00000000c0000000, 0x00000000ca700000, 0x00000000eab00000)
  object space 171008K, 91% used [0x00000000c0000000,0x00000000c980c3c8,0x00000000ca700000)
 Metaspace       used 102662K, committed 104128K, reserved 1146880K
  class space    used 10205K, committed 10816K, reserved 1048576K
}
Event: 10188,419 GC heap before
{Heap before GC invocations=4034 (full 142):
 PSYoungGen      total 8192K, used 7981K [0x00000000eab00000, 0x00000000ebf00000, 0x0000000100000000)
  eden space 4608K, 95% used [0x00000000eab00000,0x00000000eaf4f7f0,0x00000000eaf80000)
  from space 3584K, 99% used [0x00000000eaf80000,0x00000000eb2fc000,0x00000000eb300000)
  to   space 7680K, 0% used [0x00000000eb780000,0x00000000eb780000,0x00000000ebf00000)
 ParOldGen       total 171008K, used 155696K [0x00000000c0000000, 0x00000000ca700000, 0x00000000eab00000)
  object space 171008K, 91% used [0x00000000c0000000,0x00000000c980c3c8,0x00000000ca700000)
 Metaspace       used 102662K, committed 104128K, reserved 1146880K
  class space    used 10205K, committed 10816K, reserved 1048576K
}
Event: 10188,423 GC heap after
{Heap after GC invocations=4034 (full 142):
 PSYoungGen      total 9216K, used 3309K [0x00000000eab00000, 0x00000000ebb00000, 0x0000000100000000)
  eden space 5632K, 0% used [0x00000000eab00000,0x00000000eab00000,0x00000000eb080000)
  from space 3584K, 92% used [0x00000000eb780000,0x00000000ebabb600,0x00000000ebb00000)
  to   space 4608K, 0% used [0x00000000eb200000,0x00000000eb200000,0x00000000eb680000)
 ParOldGen       total 171008K, used 158960K [0x00000000c0000000, 0x00000000ca700000, 0x00000000eab00000)
  object space 171008K, 92% used [0x00000000c0000000,0x00000000c9b3c3c8,0x00000000ca700000)
 Metaspace       used 102662K, committed 104128K, reserved 1146880K
  class space    used 10205K, committed 10816K, reserved 1048576K
}
Event: 10188,530 GC heap before
{Heap before GC invocations=4035 (full 142):
 PSYoungGen      total 9216K, used 8941K [0x00000000eab00000, 0x00000000ebb00000, 0x0000000100000000)
  eden space 5632K, 99% used [0x00000000eab00000,0x00000000eb07fff8,0x00000000eb080000)
  from space 3584K, 92% used [0x00000000eb780000,0x00000000ebabb600,0x00000000ebb00000)
  to   space 4608K, 0% used [0x00000000eb200000,0x00000000eb200000,0x00000000eb680000)
 ParOldGen       total 171008K, used 158960K [0x00000000c0000000, 0x00000000ca700000, 0x00000000eab00000)
  object space 171008K, 92% used [0x00000000c0000000,0x00000000c9b3c3c8,0x00000000ca700000)
 Metaspace       used 102674K, committed 104128K, reserved 1146880K
  class space    used 10205K, committed 10816K, reserved 1048576K
}
Event: 10188,533 GC heap after
{Heap after GC invocations=4035 (full 142):
 PSYoungGen      total 8192K, used 922K [0x00000000eab00000, 0x00000000eb800000, 0x0000000100000000)
  eden space 7168K, 0% used [0x00000000eab00000,0x00000000eab00000,0x00000000eb200000)
  from space 1024K, 90% used [0x00000000eb200000,0x00000000eb2e6900,0x00000000eb300000)
  to   space 2048K, 0% used [0x00000000eb600000,0x00000000eb600000,0x00000000eb800000)
 ParOldGen       total 171008K, used 161160K [0x00000000c0000000, 0x00000000ca700000, 0x00000000eab00000)
  object space 171008K, 94% used [0x00000000c0000000,0x00000000c9d623e8,0x00000000ca700000)
 Metaspace       used 102674K, committed 104128K, reserved 1146880K
  class space    used 10205K, committed 10816K, reserved 1048576K
}
Event: 10188,767 GC heap before
{Heap before GC invocations=4036 (full 142):
 PSYoungGen      total 8192K, used 8090K [0x00000000eab00000, 0x00000000eb800000, 0x0000000100000000)
  eden space 7168K, 99% used [0x00000000eab00000,0x00000000eb1fffd8,0x00000000eb200000)
  from space 1024K, 90% used [0x00000000eb200000,0x00000000eb2e6900,0x00000000eb300000)
  to   space 2048K, 0% used [0x00000000eb600000,0x00000000eb600000,0x00000000eb800000)
 ParOldGen       total 171008K, used 161160K [0x00000000c0000000, 0x00000000ca700000, 0x00000000eab00000)
  object space 171008K, 94% used [0x00000000c0000000,0x00000000c9d623e8,0x00000000ca700000)
 Metaspace       used 102674K, committed 104128K, reserved 1146880K
  class space    used 10205K, committed 10816K, reserved 1048576K
}
Event: 10188,769 GC heap after
{Heap after GC invocations=4036 (full 142):
 PSYoungGen      total 10240K, used 1315K [0x00000000eab00000, 0x00000000eb780000, 0x0000000100000000)
  eden space 8704K, 0% used [0x00000000eab00000,0x00000000eab00000,0x00000000eb380000)
  from space 1536K, 85% used [0x00000000eb600000,0x00000000eb748d20,0x00000000eb780000)
  to   space 1536K, 0% used [0x00000000eb480000,0x00000000eb480000,0x00000000eb600000)
 ParOldGen       total 171008K, used 161973K [0x00000000c0000000, 0x00000000ca700000, 0x00000000eab00000)
  object space 171008K, 94% used [0x00000000c0000000,0x00000000c9e2d608,0x00000000ca700000)
 Metaspace       used 102674K, committed 104128K, reserved 1146880K
  class space    used 10205K, committed 10816K, reserved 1048576K
}
Event: 10188,793 GC heap before
{Heap before GC invocations=4037 (full 142):
 PSYoungGen      total 10240K, used 10017K [0x00000000eab00000, 0x00000000eb780000, 0x0000000100000000)
  eden space 8704K, 99% used [0x00000000eab00000,0x00000000eb37f900,0x00000000eb380000)
  from space 1536K, 85% used [0x00000000eb600000,0x00000000eb748d20,0x00000000eb780000)
  to   space 1536K, 0% used [0x00000000eb480000,0x00000000eb480000,0x00000000eb600000)
 ParOldGen       total 171008K, used 161973K [0x00000000c0000000, 0x00000000ca700000, 0x00000000eab00000)
  object space 171008K, 94% used [0x00000000c0000000,0x00000000c9e2d608,0x00000000ca700000)
 Metaspace       used 102674K, committed 104128K, reserved 1146880K
  class space    used 10205K, committed 10816K, reserved 1048576K
}
Event: 10188,795 GC heap after
{Heap after GC invocations=4037 (full 142):
 PSYoungGen      total 10240K, used 1530K [0x00000000eab00000, 0x00000000eb980000, 0x0000000100000000)
  eden space 8704K, 0% used [0x00000000eab00000,0x00000000eab00000,0x00000000eb380000)
  from space 1536K, 99% used [0x00000000eb480000,0x00000000eb5fe900,0x00000000eb600000)
  to   space 3072K, 0% used [0x00000000eb680000,0x00000000eb680000,0x00000000eb980000)
 ParOldGen       total 171008K, used 163227K [0x00000000c0000000, 0x00000000ca700000, 0x00000000eab00000)
  object space 171008K, 95% used [0x00000000c0000000,0x00000000c9f66c68,0x00000000ca700000)
 Metaspace       used 102674K, committed 104128K, reserved 1146880K
  class space    used 10205K, committed 10816K, reserved 1048576K
}
Event: 10196,039 GC heap before
{Heap before GC invocations=4038 (full 142):
 PSYoungGen      total 10240K, used 10234K [0x00000000eab00000, 0x00000000eb980000, 0x0000000100000000)
  eden space 8704K, 100% used [0x00000000eab00000,0x00000000eb380000,0x00000000eb380000)
  from space 1536K, 99% used [0x00000000eb480000,0x00000000eb5fe900,0x00000000eb600000)
  to   space 3072K, 0% used [0x00000000eb680000,0x00000000eb680000,0x00000000eb980000)
 ParOldGen       total 171008K, used 163227K [0x00000000c0000000, 0x00000000ca700000, 0x00000000eab00000)
  object space 171008K, 95% used [0x00000000c0000000,0x00000000c9f66c68,0x00000000ca700000)
 Metaspace       used 102674K, committed 104128K, reserved 1146880K
  class space    used 10205K, committed 10816K, reserved 1048576K
}
Event: 10196,042 GC heap after
{Heap after GC invocations=4038 (full 142):
 PSYoungGen      total 9216K, used 3057K [0x00000000eab00000, 0x00000000ebe80000, 0x0000000100000000)
  eden space 6144K, 0% used [0x00000000eab00000,0x00000000eab00000,0x00000000eb100000)
  from space 3072K, 99% used [0x00000000eb680000,0x00000000eb97c760,0x00000000eb980000)
  to   space 5632K, 0% used [0x00000000eb100000,0x00000000eb100000,0x00000000eb680000)
 ParOldGen       total 171008K, used 165174K [0x00000000c0000000, 0x00000000ca700000, 0x00000000eab00000)
  object space 171008K, 96% used [0x00000000c0000000,0x00000000ca14da30,0x00000000ca700000)
 Metaspace       used 102674K, committed 104128K, reserved 1146880K
  class space    used 10205K, committed 10816K, reserved 1048576K
}
Event: 10196,049 GC heap before
{Heap before GC invocations=4039 (full 142):
 PSYoungGen      total 9216K, used 9201K [0x00000000eab00000, 0x00000000ebe80000, 0x0000000100000000)
  eden space 6144K, 100% used [0x00000000eab00000,0x00000000eb100000,0x00000000eb100000)
  from space 3072K, 99% used [0x00000000eb680000,0x00000000eb97c760,0x00000000eb980000)
  to   space 5632K, 0% used [0x00000000eb100000,0x00000000eb100000,0x00000000eb680000)
 ParOldGen       total 171008K, used 165174K [0x00000000c0000000, 0x00000000ca700000, 0x00000000eab00000)
  object space 171008K, 96% used [0x00000000c0000000,0x00000000ca14da30,0x00000000ca700000)
 Metaspace       used 102674K, committed 104128K, reserved 1146880K
  class space    used 10205K, committed 10816K, reserved 1048576K
}
Event: 10196,053 GC heap after
{Heap after GC invocations=4039 (full 142):
 PSYoungGen      total 11776K, used 5632K [0x00000000eab00000, 0x00000000ec680000, 0x0000000100000000)
  eden space 6144K, 0% used [0x00000000eab00000,0x00000000eab00000,0x00000000eb100000)
  from space 5632K, 100% used [0x00000000eb100000,0x00000000eb680000,0x00000000eb680000)
  to   space 10240K, 0% used [0x00000000ebc80000,0x00000000ebc80000,0x00000000ec680000)
 ParOldGen       total 171008K, used 168736K [0x00000000c0000000, 0x00000000ca700000, 0x00000000eab00000)
  object space 171008K, 98% used [0x00000000c0000000,0x00000000ca4c8190,0x00000000ca700000)
 Metaspace       used 102674K, committed 104128K, reserved 1146880K
  class space    used 10205K, committed 10816K, reserved 1048576K
}
Event: 10196,053 GC heap before
{Heap before GC invocations=4040 (full 143):
 PSYoungGen      total 11776K, used 5632K [0x00000000eab00000, 0x00000000ec680000, 0x0000000100000000)
  eden space 6144K, 0% used [0x00000000eab00000,0x00000000eab00000,0x00000000eb100000)
  from space 5632K, 100% used [0x00000000eb100000,0x00000000eb680000,0x00000000eb680000)
  to   space 10240K, 0% used [0x00000000ebc80000,0x00000000ebc80000,0x00000000ec680000)
 ParOldGen       total 171008K, used 168736K [0x00000000c0000000, 0x00000000ca700000, 0x00000000eab00000)
  object space 171008K, 98% used [0x00000000c0000000,0x00000000ca4c8190,0x00000000ca700000)
 Metaspace       used 102674K, committed 104128K, reserved 1146880K
  class space    used 10205K, committed 10816K, reserved 1048576K
}
Event: 10196,133 GC heap after
{Heap after GC invocations=4040 (full 143):
 PSYoungGen      total 17920K, used 0K [0x00000000eab00000, 0x00000000ec680000, 0x0000000100000000)
  eden space 7680K, 0% used [0x00000000eab00000,0x00000000eab00000,0x00000000eb280000)
  from space 10240K, 0% used [0x00000000ebc80000,0x00000000ebc80000,0x00000000ec680000)
  to   space 10240K, 0% used [0x00000000eb280000,0x00000000eb280000,0x00000000ebc80000)
 ParOldGen       total 176128K, used 126897K [0x00000000c0000000, 0x00000000cac00000, 0x00000000eab00000)
  object space 176128K, 72% used [0x00000000c0000000,0x00000000c7bec628,0x00000000cac00000)
 Metaspace       used 102674K, committed 104128K, reserved 1146880K
  class space    used 10205K, committed 10816K, reserved 1048576K
}
Event: 10196,140 GC heap before
{Heap before GC invocations=4041 (full 143):
 PSYoungGen      total 17920K, used 7680K [0x00000000eab00000, 0x00000000ec680000, 0x0000000100000000)
  eden space 7680K, 100% used [0x00000000eab00000,0x00000000eb280000,0x00000000eb280000)
  from space 10240K, 0% used [0x00000000ebc80000,0x00000000ebc80000,0x00000000ec680000)
  to   space 10240K, 0% used [0x00000000eb280000,0x00000000eb280000,0x00000000ebc80000)
 ParOldGen       total 176128K, used 126897K [0x00000000c0000000, 0x00000000cac00000, 0x00000000eab00000)
  object space 176128K, 72% used [0x00000000c0000000,0x00000000c7bec628,0x00000000cac00000)
 Metaspace       used 102674K, committed 104128K, reserved 1146880K
  class space    used 10205K, committed 10816K, reserved 1048576K
}
Event: 10196,150 GC heap after
{Heap after GC invocations=4041 (full 143):
 PSYoungGen      total 15872K, used 7776K [0x00000000eab00000, 0x00000000ec380000, 0x0000000100000000)
  eden space 7680K, 0% used [0x00000000eab00000,0x00000000eab00000,0x00000000eb280000)
  from space 8192K, 94% used [0x00000000eb280000,0x00000000eba18000,0x00000000eba80000)
  to   space 8704K, 0% used [0x00000000ebb00000,0x00000000ebb00000,0x00000000ec380000)
 ParOldGen       total 176128K, used 126897K [0x00000000c0000000, 0x00000000cac00000, 0x00000000eab00000)
  object space 176128K, 72% used [0x00000000c0000000,0x00000000c7bec628,0x00000000cac00000)
 Metaspace       used 102674K, committed 104128K, reserved 1146880K
  class space    used 10205K, committed 10816K, reserved 1048576K
}
Event: 10196,182 GC heap before
{Heap before GC invocations=4042 (full 143):
 PSYoungGen      total 15872K, used 15456K [0x00000000eab00000, 0x00000000ec380000, 0x0000000100000000)
  eden space 7680K, 100% used [0x00000000eab00000,0x00000000eb280000,0x00000000eb280000)
  from space 8192K, 94% used [0x00000000eb280000,0x00000000eba18000,0x00000000eba80000)
  to   space 8704K, 0% used [0x00000000ebb00000,0x00000000ebb00000,0x00000000ec380000)
 ParOldGen       total 176128K, used 126897K [0x00000000c0000000, 0x00000000cac00000, 0x00000000eab00000)
  object space 176128K, 72% used [0x00000000c0000000,0x00000000c7bec628,0x00000000cac00000)
 Metaspace       used 102674K, committed 104128K, reserved 1146880K
  class space    used 10205K, committed 10816K, reserved 1048576K
}

